-------------------------------------------------------------------------------
Test set: com.example.medicaments.MedicamentApplicationTests
-------------------------------------------------------------------------------
Tests run: 1, Failures: 0, Errors: 1, Skipped: 0, Time elapsed: 3.157 s <<< FAILURE! - in com.example.medicaments.MedicamentApplicationTests
com.example.medicaments.MedicamentApplicationTests  Time elapsed: 3.155 s  <<< ERROR!
java.lang.IllegalStateException: Unable to find a @SpringBootConfiguration, you need to use @ContextConfiguration or @SpringBootTest(classes=...) with your test

